<?xml version="1.0" encoding="UTF-8"?>
<!-- Generated by org.testng.reporters.JUnitXMLReporter -->
<testsuite ignored="0" hostname="LV-IND-LPT-240" failures="0" tests="2" name="BankingApp Test" time="46.859" errors="0" timestamp="28 May 2020 19:25:43 GMT">
  <testcase classname="com.inetbanking.testCases.TC_LoginTest_001" name="loginTest" time="2.432"/>
  <testcase classname="com.inetbanking.testCases.TC_AddCustomerTest_003" name="addNewCustomer" time="19.929"/>
</testsuite> <!-- BankingApp Test -->
