<?xml version="1.0" encoding="UTF-8"?>
<!-- Generated by org.testng.reporters.JUnitXMLReporter -->
<testsuite ignored="0" hostname="LV-IND-LPT-240" failures="0" tests="2" name="BankingApp Test" time="47.551" errors="0" timestamp="02 Jun 2020 17:40:55 GMT">
  <testcase classname="com.inetbanking.testCases.TC_LoginTest_001" name="loginTest" time="2.441"/>
  <testcase classname="com.inetbanking.testCases.TC_AddCustomerTest_003" name="addNewCustomer" time="20.718"/>
</testsuite> <!-- BankingApp Test -->
