<?xml version="1.0" encoding="UTF-8"?>
<testng-results ignored="0" total="2" passed="2" failed="0" skipped="0">
  <reporter-output>
  </reporter-output>
  <suite started-at="2020-06-02T17:40:08Z" name="InetbankingV1" finished-at="2020-06-02T17:40:55Z" duration-ms="47551">
    <groups>
    </groups>
    <test started-at="2020-06-02T17:40:08Z" name="BankingApp Test" finished-at="2020-06-02T17:40:55Z" duration-ms="47551">
      <class name="com.inetbanking.testCases.TC_LoginTest_001">
        <test-method is-config="true" signature="setup(java.lang.String)[pri:0, instance:com.inetbanking.testCases.TC_LoginTest_001@415b0b49]" started-at="2020-06-02T17:40:08Z" name="setup" finished-at="2020-06-02T17:40:19Z" duration-ms="11063" status="PASS">
          <params>
            <param index="0">
              <value>
                <![CDATA[chrome]]>
              </value>
            </param>
          </params>
          <reporter-output>
          </reporter-output>
        </test-method> <!-- setup -->
        <test-method signature="loginTest()[pri:0, instance:com.inetbanking.testCases.TC_LoginTest_001@415b0b49]" started-at="2020-06-02T17:40:19Z" name="loginTest" finished-at="2020-06-02T17:40:21Z" duration-ms="2441" status="PASS">
          <reporter-output>
          </reporter-output>
        </test-method> <!-- loginTest -->
        <test-method is-config="true" signature="tearDown()[pri:0, instance:com.inetbanking.testCases.TC_LoginTest_001@415b0b49]" started-at="2020-06-02T17:40:21Z" name="tearDown" finished-at="2020-06-02T17:40:22Z" duration-ms="860" status="PASS">
          <reporter-output>
          </reporter-output>
        </test-method> <!-- tearDown -->
      </class> <!-- com.inetbanking.testCases.TC_LoginTest_001 -->
      <class name="com.inetbanking.testCases.TC_AddCustomerTest_003">
        <test-method is-config="true" signature="setup(java.lang.String)[pri:0, instance:com.inetbanking.testCases.TC_AddCustomerTest_003@6d5620ce]" started-at="2020-06-02T17:40:22Z" name="setup" finished-at="2020-06-02T17:40:34Z" duration-ms="11344" status="PASS">
          <params>
            <param index="0">
              <value>
                <![CDATA[chrome]]>
              </value>
            </param>
          </params>
          <reporter-output>
          </reporter-output>
        </test-method> <!-- setup -->
        <test-method signature="addNewCustomer()[pri:0, instance:com.inetbanking.testCases.TC_AddCustomerTest_003@6d5620ce]" started-at="2020-06-02T17:40:34Z" name="addNewCustomer" finished-at="2020-06-02T17:40:54Z" duration-ms="20718" status="PASS">
          <reporter-output>
          </reporter-output>
        </test-method> <!-- addNewCustomer -->
        <test-method is-config="true" signature="tearDown()[pri:0, instance:com.inetbanking.testCases.TC_AddCustomerTest_003@6d5620ce]" started-at="2020-06-02T17:40:54Z" name="tearDown" finished-at="2020-06-02T17:40:55Z" duration-ms="883" status="PASS">
          <reporter-output>
          </reporter-output>
        </test-method> <!-- tearDown -->
      </class> <!-- com.inetbanking.testCases.TC_AddCustomerTest_003 -->
    </test> <!-- BankingApp Test -->
  </suite> <!-- InetbankingV1 -->
</testng-results>
