<?xml version="1.0" encoding="UTF-8"?>
<testng-results ignored="0" total="2" passed="2" failed="0" skipped="0">
  <reporter-output>
  </reporter-output>
  <suite started-at="2020-05-29T06:10:28Z" name="InetbankingV1" finished-at="2020-05-29T06:12:21Z" duration-ms="113560">
    <groups>
    </groups>
    <test started-at="2020-05-29T06:10:28Z" name="BankingApp Test" finished-at="2020-05-29T06:12:21Z" duration-ms="113560">
      <class name="com.inetbanking.testCases.TC_LoginTest_001">
        <test-method is-config="true" signature="setup(java.lang.String)[pri:0, instance:com.inetbanking.testCases.TC_LoginTest_001@6cd24612]" started-at="2020-05-29T06:10:28Z" name="setup" finished-at="2020-05-29T06:10:51Z" duration-ms="23534" status="PASS">
          <params>
            <param index="0">
              <value>
                <![CDATA[chrome]]>
              </value>
            </param>
          </params>
          <reporter-output>
          </reporter-output>
        </test-method> <!-- setup -->
        <test-method signature="loginTest()[pri:0, instance:com.inetbanking.testCases.TC_LoginTest_001@6cd24612]" started-at="2020-05-29T06:10:51Z" name="loginTest" finished-at="2020-05-29T06:11:20Z" duration-ms="28484" status="PASS">
          <reporter-output>
          </reporter-output>
        </test-method> <!-- loginTest -->
        <test-method is-config="true" signature="tearDown()[pri:0, instance:com.inetbanking.testCases.TC_LoginTest_001@6cd24612]" started-at="2020-05-29T06:11:20Z" name="tearDown" finished-at="2020-05-29T06:11:21Z" duration-ms="625" status="PASS">
          <reporter-output>
          </reporter-output>
        </test-method> <!-- tearDown -->
      </class> <!-- com.inetbanking.testCases.TC_LoginTest_001 -->
      <class name="com.inetbanking.testCases.TC_AddCustomerTest_003">
        <test-method is-config="true" signature="setup(java.lang.String)[pri:0, instance:com.inetbanking.testCases.TC_AddCustomerTest_003@5dafbe45]" started-at="2020-05-29T06:11:21Z" name="setup" finished-at="2020-05-29T06:11:43Z" duration-ms="22835" status="PASS">
          <params>
            <param index="0">
              <value>
                <![CDATA[chrome]]>
              </value>
            </param>
          </params>
          <reporter-output>
          </reporter-output>
        </test-method> <!-- setup -->
        <test-method signature="addNewCustomer()[pri:0, instance:com.inetbanking.testCases.TC_AddCustomerTest_003@5dafbe45]" started-at="2020-05-29T06:11:43Z" name="addNewCustomer" finished-at="2020-05-29T06:12:21Z" duration-ms="37310" status="PASS">
          <reporter-output>
          </reporter-output>
        </test-method> <!-- addNewCustomer -->
        <test-method is-config="true" signature="tearDown()[pri:0, instance:com.inetbanking.testCases.TC_AddCustomerTest_003@5dafbe45]" started-at="2020-05-29T06:12:21Z" name="tearDown" finished-at="2020-05-29T06:12:21Z" duration-ms="605" status="PASS">
          <reporter-output>
          </reporter-output>
        </test-method> <!-- tearDown -->
      </class> <!-- com.inetbanking.testCases.TC_AddCustomerTest_003 -->
    </test> <!-- BankingApp Test -->
  </suite> <!-- InetbankingV1 -->
</testng-results>
