<?xml version="1.0" encoding="UTF-8"?>
<testng-results ignored="0" total="2" passed="2" failed="0" skipped="0">
  <reporter-output>
  </reporter-output>
  <suite started-at="2020-05-28T19:24:56Z" name="InetbankingV1" finished-at="2020-05-28T19:25:43Z" duration-ms="46859">
    <groups>
    </groups>
    <test started-at="2020-05-28T19:24:56Z" name="BankingApp Test" finished-at="2020-05-28T19:25:43Z" duration-ms="46859">
      <class name="com.inetbanking.testCases.TC_LoginTest_001">
        <test-method is-config="true" signature="setup(java.lang.String)[pri:0, instance:com.inetbanking.testCases.TC_LoginTest_001@683dbc2c]" started-at="2020-05-28T19:24:56Z" name="setup" finished-at="2020-05-28T19:25:09Z" duration-ms="12239" status="PASS">
          <params>
            <param index="0">
              <value>
                <![CDATA[chrome]]>
              </value>
            </param>
          </params>
          <reporter-output>
          </reporter-output>
        </test-method> <!-- setup -->
        <test-method signature="loginTest()[pri:0, instance:com.inetbanking.testCases.TC_LoginTest_001@683dbc2c]" started-at="2020-05-28T19:25:09Z" name="loginTest" finished-at="2020-05-28T19:25:11Z" duration-ms="2432" status="PASS">
          <reporter-output>
          </reporter-output>
        </test-method> <!-- loginTest -->
        <test-method is-config="true" signature="tearDown()[pri:0, instance:com.inetbanking.testCases.TC_LoginTest_001@683dbc2c]" started-at="2020-05-28T19:25:11Z" name="tearDown" finished-at="2020-05-28T19:25:12Z" duration-ms="833" status="PASS">
          <reporter-output>
          </reporter-output>
        </test-method> <!-- tearDown -->
      </class> <!-- com.inetbanking.testCases.TC_LoginTest_001 -->
      <class name="com.inetbanking.testCases.TC_AddCustomerTest_003">
        <test-method is-config="true" signature="setup(java.lang.String)[pri:0, instance:com.inetbanking.testCases.TC_AddCustomerTest_003@68267da0]" started-at="2020-05-28T19:25:12Z" name="setup" finished-at="2020-05-28T19:25:22Z" duration-ms="10251" status="PASS">
          <params>
            <param index="0">
              <value>
                <![CDATA[chrome]]>
              </value>
            </param>
          </params>
          <reporter-output>
          </reporter-output>
        </test-method> <!-- setup -->
        <test-method signature="addNewCustomer()[pri:0, instance:com.inetbanking.testCases.TC_AddCustomerTest_003@68267da0]" started-at="2020-05-28T19:25:22Z" name="addNewCustomer" finished-at="2020-05-28T19:25:42Z" duration-ms="19929" status="PASS">
          <reporter-output>
          </reporter-output>
        </test-method> <!-- addNewCustomer -->
        <test-method is-config="true" signature="tearDown()[pri:0, instance:com.inetbanking.testCases.TC_AddCustomerTest_003@68267da0]" started-at="2020-05-28T19:25:42Z" name="tearDown" finished-at="2020-05-28T19:25:43Z" duration-ms="870" status="PASS">
          <reporter-output>
          </reporter-output>
        </test-method> <!-- tearDown -->
      </class> <!-- com.inetbanking.testCases.TC_AddCustomerTest_003 -->
    </test> <!-- BankingApp Test -->
  </suite> <!-- InetbankingV1 -->
</testng-results>
